<?xml version="1.0" encoding="UTF-8"?>
<testsuite name="AppTest" tests="2" skipped="0" failures="0" errors="0" timestamp="2015-08-11T23:21:29" hostname="epicodus-109.local" time="0.003">
  <properties/>
  <testcase name="scrabbleScore_returnsAScrabbleScoreForALetter_1" classname="AppTest" time="0.003"/>
  <testcase name="scrabbleScore_returnsAScrabbleScoreForAWord_8" classname="AppTest" time="0.0"/>
  <system-out><![CDATA[]]></system-out>
  <system-err><![CDATA[]]></system-err>
</testsuite>
